<?xml version="1.0" encoding="UTF-8"?>
<!-- Generated by org.testng.reporters.JUnitReportReporter -->
<testsuite hostname="DESKTOP-BQF27I6" failures="0" tests="2" name="testNG.FEATURE2" time="15.216" errors="0" timestamp="2022-04-09T23:46:12 EDT" skipped="0">
  <testcase classname="testNG.FEATURE2" name="positiveregistrationfunctionality" time="9.519"/>
  <system-out/>
  <testcase classname="testNG.FEATURE2" name="negativeregistrationfunctionality" time="5.697"/>
  <system-out/>
</testsuite> <!-- testNG.FEATURE2 -->
