<?xml version="1.0" encoding="UTF-8"?>
<!-- Generated by org.testng.reporters.JUnitReportReporter -->
<testsuite hostname="DESKTOP-BQF27I6" failures="0" tests="5" name="testNG.AmazonTest" time="53.198" errors="0" timestamp="2022-05-03T14:18:47 EDT" skipped="0">
  <testcase classname="testNG.AmazonTest" name="CheckingOptionsInDropDrown" time="7.799"/>
  <system-out/>
  <testcase classname="testNG.AmazonTest" name="ClickingArrowToGetDifferentSlidesOnAPage" time="3.143"/>
  <system-out/>
  <testcase classname="testNG.AmazonTest" name="EnterDataInTabSearchAndClick" time="15.881"/>
  <system-out/>
  <testcase classname="testNG.AmazonTest" name="EnterDataInTabSearchandHitEnterKey" time="18.863"/>
  <system-out/>
  <testcase classname="testNG.AmazonTest" name="WorkingOfRadioButton" time="7.512"/>
  <system-out/>
</testsuite> <!-- testNG.AmazonTest -->
