<?xml version="1.0" encoding="UTF-8"?>
<!-- Generated by org.testng.reporters.JUnitReportReporter -->
<testsuite hostname="DESKTOP-BQF27I6" failures="0" tests="4" name="testNG.ParamerizationAndIncludeExcludeXML" time="155.607" errors="0" timestamp="2022-05-09T19:25:12 EDT" skipped="0">
  <testcase classname="testNG.ParamerizationAndIncludeExcludeXML" name="PositiveLogInFunctionalityValidCredentialsTest1" time="49.575"/>
  <system-out/>
  <testcase classname="testNG.ParamerizationAndIncludeExcludeXML" name="PositiveLogInFunctionalityValidCredentialsTest1" time="34.035"/>
  <system-out/>
  <testcase classname="testNG.ParamerizationAndIncludeExcludeXML" name="NegetiveLogInFunctionalityInValidCredentialsTest1" time="34.507"/>
  <system-out/>
  <testcase classname="testNG.ParamerizationAndIncludeExcludeXML" name="NegetiveLogInFunctionalityInValidCredentialsTest1" time="37.490"/>
  <system-out/>
</testsuite> <!-- testNG.ParamerizationAndIncludeExcludeXML -->
