<?xml version="1.0" encoding="UTF-8"?>
<!-- Generated by org.testng.reporters.JUnitReportReporter -->
<testsuite hostname="DESKTOP-BQF27I6" failures="0" tests="6" name="testNG.LOGInFUNCTIONALITyTEST" time="235.691" errors="0" timestamp="2022-06-13T20:24:07 EDT" skipped="2">
  <testcase classname="testNG.LOGInFUNCTIONALITyTEST" name="PositiveLogInFunctionalityValidCredentialsTest1" time="61.135"/>
  <system-out/>
  <testcase classname="testNG.LOGInFUNCTIONALITyTEST" name="PositiveLogInFunctionalityValidCredentialsTest1" time="77.037"/>
  <system-out/>
  <testcase classname="testNG.LOGInFUNCTIONALITyTEST" name="NegetiveLogInFunctionalityInValidCredentialsTest1" time="38.718"/>
  <system-out/>
  <testcase classname="testNG.LOGInFUNCTIONALITyTEST" name="NegetiveLogInFunctionalityInValidCredentialsTest1" time="58.801"/>
  <system-out/>
  <testcase classname="testNG.LOGInFUNCTIONALITyTEST" name="NegetiveLogInFunctionalityInValidCredentialsTest2">
    <skipped/>
  </testcase> <!-- NegetiveLogInFunctionalityInValidCredentialsTest2 -->
  <system-out/>
  <testcase classname="testNG.LOGInFUNCTIONALITyTEST" name="PositiveLogInFunctionalityValidCredentialsTest2">
    <skipped/>
  </testcase> <!-- PositiveLogInFunctionalityValidCredentialsTest2 -->
  <system-out/>
</testsuite> <!-- testNG.LOGInFUNCTIONALITyTEST -->
