<?xml version="1.0" encoding="UTF-8"?>
<!-- Generated by org.testng.reporters.JUnitReportReporter -->
<testsuite hostname="DESKTOP-BQF27I6" failures="0" tests="1" name="testNG.FlightFeatureTEST" time="21.981" errors="0" timestamp="2022-05-03T14:18:47 EDT" skipped="0">
  <testcase classname="testNG.FlightFeatureTEST" name="FlightFeatureTest1" time="21.981"/>
  <system-out/>
</testsuite> <!-- testNG.FlightFeatureTEST -->
