<?xml version="1.0" encoding="UTF-8"?>
<!-- Generated by org.testng.reporters.JUnitReportReporter -->
<testsuite hostname="DESKTOP-BQF27I6" failures="0" tests="4" name="testNG.DataDrivenTestingGuru99" time="131.658" errors="0" timestamp="2022-04-25T16:23:24 EDT" skipped="0">
  <testcase classname="testNG.DataDrivenTestingGuru99" name="PositiveLogInFunctionalityTest" time="37.214"/>
  <system-out/>
  <testcase classname="testNG.DataDrivenTestingGuru99" name="PositiveLogInFunctionalityTest" time="46.954"/>
  <system-out/>
  <testcase classname="testNG.DataDrivenTestingGuru99" name="NegetiveLogInFunctionalityTest" time="26.944"/>
  <system-out/>
  <testcase classname="testNG.DataDrivenTestingGuru99" name="NegetiveLogInFunctionalityTest" time="20.546"/>
  <system-out/>
</testsuite> <!-- testNG.DataDrivenTestingGuru99 -->
